

Version:	3.12
CmdLine:	D:\Safe\Dropbox\DAM 2 - Repositorios\Interfaces\interfaces-actividad-4\Kittens.exe --l4j-debug
WOW64:		yes
Working dir:	D:\Safe\Dropbox\DAM 2 - Repositorios\Interfaces\interfaces-actividad-4\.
Java min ver:	1.008.000
Java max ver:	
64-bit search:	SOFTWARE\JavaSoft\Java Runtime Environment...
Check:		SOFTWARE\JavaSoft\Java Runtime Environment\1.8
Check launcher:	C:\Program Files\Java\jre1.8.0_271\bin\javaw.exe (OK)
Match:		1.008.000
Check:		SOFTWARE\JavaSoft\Java Runtime Environment\1.8.0_271
Check launcher:	C:\Program Files\Java\jre1.8.0_271\bin\javaw.exe (OK)
Match:		1.008.000_271
64-bit search:	SOFTWARE\JavaSoft\Java Development Kit...
Check:		SOFTWARE\JavaSoft\Java Development Kit\1.8
Ignore:		1.008.000
Check:		SOFTWARE\JavaSoft\Java Development Kit\1.8.0_261
Ignore:		1.008.000_261
64-bit search:	SOFTWARE\JavaSoft\JRE...
64-bit search:	SOFTWARE\JavaSoft\JDK...
Check:		SOFTWARE\JavaSoft\JDK\13.0.2
Check launcher:	C:\Java\jdk-13.0.2\bin\javaw.exe (OK)
Match:		1.013.000_002
Runtime used:	1.013.000_002 (64-bit)
Main class:	launcher.Launcher
Add classpath:	.
Add classpath:	config.properties
Launcher:	C:\Java\jdk-13.0.2\bin\javaw.exe
Launcher args:	-classpath "D:\Safe\Dropbox\DAM 2 - Repositorios\Interfaces\interfaces-actividad-4\Kittens.exe;.;config.properties" launcher.Launcher
Args length:	133/32768 chars
Exit code:	0


Version:	3.12
CmdLine:	D:\Safe\Dropbox\DAM 2 - Repositorios\Interfaces\interfaces-actividad-4\Kittens.exe --l4j-debug
WOW64:		yes
Working dir:	D:\Safe\Dropbox\DAM 2 - Repositorios\Interfaces\interfaces-actividad-4\.
Java min ver:	1.008.000
Java max ver:	
64-bit search:	SOFTWARE\JavaSoft\Java Runtime Environment...
Check:		SOFTWARE\JavaSoft\Java Runtime Environment\1.8
Check launcher:	C:\Program Files\Java\jre1.8.0_271\bin\javaw.exe (OK)
Match:		1.008.000
Check:		SOFTWARE\JavaSoft\Java Runtime Environment\1.8.0_271
Check launcher:	C:\Program Files\Java\jre1.8.0_271\bin\javaw.exe (OK)
Match:		1.008.000_271
64-bit search:	SOFTWARE\JavaSoft\Java Development Kit...
Check:		SOFTWARE\JavaSoft\Java Development Kit\1.8
Ignore:		1.008.000
Check:		SOFTWARE\JavaSoft\Java Development Kit\1.8.0_261
Ignore:		1.008.000_261
64-bit search:	SOFTWARE\JavaSoft\JRE...
64-bit search:	SOFTWARE\JavaSoft\JDK...
Check:		SOFTWARE\JavaSoft\JDK\13.0.2
Check launcher:	C:\Java\jdk-13.0.2\bin\javaw.exe (OK)
Match:		1.013.000_002
Runtime used:	1.013.000_002 (64-bit)
Main class:	launcher.Launcher
Add classpath:	.
Add classpath:	..\config
Launcher:	C:\Java\jdk-13.0.2\bin\javaw.exe
Launcher args:	-classpath "D:\Safe\Dropbox\DAM 2 - Repositorios\Interfaces\interfaces-actividad-4\Kittens.exe;.;..\config" launcher.Launcher
Args length:	125/32768 chars
Exit code:	0


Version:	3.12
CmdLine:	D:\Safe\Dropbox\DAM 2 - Repositorios\Interfaces\interfaces-actividad-4\Kittens.exe --l4j-debug
WOW64:		yes
Working dir:	D:\Safe\Dropbox\DAM 2 - Repositorios\Interfaces\interfaces-actividad-4\.
Java min ver:	1.008.000
Java max ver:	
64-bit search:	SOFTWARE\JavaSoft\Java Runtime Environment...
Check:		SOFTWARE\JavaSoft\Java Runtime Environment\1.8
Check launcher:	C:\Program Files\Java\jre1.8.0_271\bin\javaw.exe (OK)
Match:		1.008.000
Check:		SOFTWARE\JavaSoft\Java Runtime Environment\1.8.0_271
Check launcher:	C:\Program Files\Java\jre1.8.0_271\bin\javaw.exe (OK)
Match:		1.008.000_271
64-bit search:	SOFTWARE\JavaSoft\Java Development Kit...
Check:		SOFTWARE\JavaSoft\Java Development Kit\1.8
Ignore:		1.008.000
Check:		SOFTWARE\JavaSoft\Java Development Kit\1.8.0_261
Ignore:		1.008.000_261
64-bit search:	SOFTWARE\JavaSoft\JRE...
64-bit search:	SOFTWARE\JavaSoft\JDK...
Check:		SOFTWARE\JavaSoft\JDK\13.0.2
Check launcher:	C:\Java\jdk-13.0.2\bin\javaw.exe (OK)
Match:		1.013.000_002
Runtime used:	1.013.000_002 (64-bit)
Main class:	launcher.Launcher
Add classpath:	..\config\config.properties
Launcher:	C:\Java\jdk-13.0.2\bin\javaw.exe
Launcher args:	-classpath "D:\Safe\Dropbox\DAM 2 - Repositorios\Interfaces\interfaces-actividad-4\Kittens.exe;..\config\config.properties" launcher.Launcher
Args length:	141/32768 chars
Exit code:	0


Version:	3.12
CmdLine:	D:\Safe\Dropbox\DAM 2 - Repositorios\Interfaces\interfaces-actividad-4\Kittens.exe --l4j-debug
WOW64:		yes
Working dir:	D:\Safe\Dropbox\DAM 2 - Repositorios\Interfaces\interfaces-actividad-4\.
Java min ver:	1.008.000
Java max ver:	
64-bit search:	SOFTWARE\JavaSoft\Java Runtime Environment...
Check:		SOFTWARE\JavaSoft\Java Runtime Environment\1.8
Check launcher:	C:\Program Files\Java\jre1.8.0_271\bin\javaw.exe (OK)
Match:		1.008.000
Check:		SOFTWARE\JavaSoft\Java Runtime Environment\1.8.0_271
Check launcher:	C:\Program Files\Java\jre1.8.0_271\bin\javaw.exe (OK)
Match:		1.008.000_271
64-bit search:	SOFTWARE\JavaSoft\Java Development Kit...
Check:		SOFTWARE\JavaSoft\Java Development Kit\1.8
Ignore:		1.008.000
Check:		SOFTWARE\JavaSoft\Java Development Kit\1.8.0_261
Ignore:		1.008.000_261
64-bit search:	SOFTWARE\JavaSoft\JRE...
64-bit search:	SOFTWARE\JavaSoft\JDK...
Check:		SOFTWARE\JavaSoft\JDK\13.0.2
Check launcher:	C:\Java\jdk-13.0.2\bin\javaw.exe (OK)
Match:		1.013.000_002
Runtime used:	1.013.000_002 (64-bit)
Main class:	launcher.Launcher
Add classpath:	..\config\config.properties
Launcher:	C:\Java\jdk-13.0.2\bin\javaw.exe
Launcher args:	-classpath "D:\Safe\Dropbox\DAM 2 - Repositorios\Interfaces\interfaces-actividad-4\Kittens.exe;..\config\config.properties" launcher.Launcher
Args length:	141/32768 chars
Exit code:	0


Version:	3.12
CmdLine:	D:\Safe\Dropbox\DAM 2 - Repositorios\Interfaces\interfaces-actividad-4\Kittens.exe --l4j-debug
WOW64:		yes
Working dir:	D:\Safe\Dropbox\DAM 2 - Repositorios\Interfaces\interfaces-actividad-4\.
Java min ver:	1.008.000
Java max ver:	
64-bit search:	SOFTWARE\JavaSoft\Java Runtime Environment...
Check:		SOFTWARE\JavaSoft\Java Runtime Environment\1.8
Check launcher:	C:\Program Files\Java\jre1.8.0_271\bin\javaw.exe (OK)
Match:		1.008.000
Check:		SOFTWARE\JavaSoft\Java Runtime Environment\1.8.0_271
Check launcher:	C:\Program Files\Java\jre1.8.0_271\bin\javaw.exe (OK)
Match:		1.008.000_271
64-bit search:	SOFTWARE\JavaSoft\Java Development Kit...
Check:		SOFTWARE\JavaSoft\Java Development Kit\1.8
Ignore:		1.008.000
Check:		SOFTWARE\JavaSoft\Java Development Kit\1.8.0_261
Ignore:		1.008.000_261
64-bit search:	SOFTWARE\JavaSoft\JRE...
64-bit search:	SOFTWARE\JavaSoft\JDK...
Check:		SOFTWARE\JavaSoft\JDK\13.0.2
Check launcher:	C:\Java\jdk-13.0.2\bin\javaw.exe (OK)
Match:		1.013.000_002
Runtime used:	1.013.000_002 (64-bit)
Main class:	launcher.Launcher
Add classpath:	.
Add classpath:	..\config\config.properties
Add classpath:	config.properties
Add classpath:	\config\config.properties
Launcher:	C:\Java\jdk-13.0.2\bin\javaw.exe
Launcher args:	-classpath "D:\Safe\Dropbox\DAM 2 - Repositorios\Interfaces\interfaces-actividad-4\Kittens.exe;.;..\config\config.properties;config.properties;\config\config.properties" launcher.Launcher
Args length:	187/32768 chars
Exit code:	0


Version:	3.12
CmdLine:	D:\Safe\Dropbox\DAM 2 - Repositorios\Interfaces\interfaces-actividad-4\Kittens.exe --l4j-debug
WOW64:		yes
Working dir:	D:\Safe\Dropbox\DAM 2 - Repositorios\Interfaces\interfaces-actividad-4\.
Java min ver:	1.008.000
Java max ver:	
64-bit search:	SOFTWARE\JavaSoft\Java Runtime Environment...
Check:		SOFTWARE\JavaSoft\Java Runtime Environment\1.8
Check launcher:	C:\Program Files\Java\jre1.8.0_271\bin\javaw.exe (OK)
Match:		1.008.000
Check:		SOFTWARE\JavaSoft\Java Runtime Environment\1.8.0_271
Check launcher:	C:\Program Files\Java\jre1.8.0_271\bin\javaw.exe (OK)
Match:		1.008.000_271
64-bit search:	SOFTWARE\JavaSoft\Java Development Kit...
Check:		SOFTWARE\JavaSoft\Java Development Kit\1.8
Ignore:		1.008.000
Check:		SOFTWARE\JavaSoft\Java Development Kit\1.8.0_261
Ignore:		1.008.000_261
64-bit search:	SOFTWARE\JavaSoft\JRE...
64-bit search:	SOFTWARE\JavaSoft\JDK...
Check:		SOFTWARE\JavaSoft\JDK\13.0.2
Check launcher:	C:\Java\jdk-13.0.2\bin\javaw.exe (OK)
Match:		1.013.000_002
Runtime used:	1.013.000_002 (64-bit)
Launcher:	C:\Java\jdk-13.0.2\bin\javaw.exe
Launcher args:	-jar "D:\Safe\Dropbox\DAM 2 - Repositorios\Interfaces\interfaces-actividad-4\Kittens.exe"
Args length:	89/32768 chars
Exit code:	0


Version:	3.12
CmdLine:	D:\Safe\Dropbox\DAM 2 - Repositorios\Interfaces\interfaces-actividad-4\Kittens.exe --l4j-debug
WOW64:		yes
Working dir:	D:\Safe\Dropbox\DAM 2 - Repositorios\Interfaces\interfaces-actividad-4\.
Java min ver:	1.008.000
Java max ver:	
64-bit search:	SOFTWARE\JavaSoft\Java Runtime Environment...
Check:		SOFTWARE\JavaSoft\Java Runtime Environment\1.8
Check launcher:	C:\Program Files\Java\jre1.8.0_271\bin\javaw.exe (OK)
Match:		1.008.000
Check:		SOFTWARE\JavaSoft\Java Runtime Environment\1.8.0_271
Check launcher:	C:\Program Files\Java\jre1.8.0_271\bin\javaw.exe (OK)
Match:		1.008.000_271
64-bit search:	SOFTWARE\JavaSoft\Java Development Kit...
Check:		SOFTWARE\JavaSoft\Java Development Kit\1.8
Ignore:		1.008.000
Check:		SOFTWARE\JavaSoft\Java Development Kit\1.8.0_261
Ignore:		1.008.000_261
64-bit search:	SOFTWARE\JavaSoft\JRE...
64-bit search:	SOFTWARE\JavaSoft\JDK...
Check:		SOFTWARE\JavaSoft\JDK\13.0.2
Check launcher:	C:\Java\jdk-13.0.2\bin\javaw.exe (OK)
Match:		1.013.000_002
Runtime used:	1.013.000_002 (64-bit)
Main class:	launcher.Launcher
Add classpath:	.
Add classpath:	..\config\config.properties
Launcher:	C:\Java\jdk-13.0.2\bin\javaw.exe
Launcher args:	-classpath "D:\Safe\Dropbox\DAM 2 - Repositorios\Interfaces\interfaces-actividad-4\Kittens.exe;.;..\config\config.properties" launcher.Launcher
Args length:	143/32768 chars
Exit code:	0


Version:	3.12
CmdLine:	D:\Safe\Dropbox\DAM 2 - Repositorios\Interfaces\interfaces-actividad-4\Kittens.exe --l4j-debug
WOW64:		yes
Working dir:	D:\Safe\Dropbox\DAM 2 - Repositorios\Interfaces\interfaces-actividad-4\.
Java min ver:	1.008.000
Java max ver:	
64-bit search:	SOFTWARE\JavaSoft\Java Runtime Environment...
Check:		SOFTWARE\JavaSoft\Java Runtime Environment\1.8
Check launcher:	C:\Program Files\Java\jre1.8.0_271\bin\javaw.exe (OK)
Match:		1.008.000
Check:		SOFTWARE\JavaSoft\Java Runtime Environment\1.8.0_271
Check launcher:	C:\Program Files\Java\jre1.8.0_271\bin\javaw.exe (OK)
Match:		1.008.000_271
64-bit search:	SOFTWARE\JavaSoft\Java Development Kit...
Check:		SOFTWARE\JavaSoft\Java Development Kit\1.8
Ignore:		1.008.000
Check:		SOFTWARE\JavaSoft\Java Development Kit\1.8.0_261
Ignore:		1.008.000_261
64-bit search:	SOFTWARE\JavaSoft\JRE...
64-bit search:	SOFTWARE\JavaSoft\JDK...
Check:		SOFTWARE\JavaSoft\JDK\13.0.2
Check launcher:	C:\Java\jdk-13.0.2\bin\javaw.exe (OK)
Match:		1.013.000_002
Runtime used:	1.013.000_002 (64-bit)
Main class:	launcher.Launcher
Add classpath:	.
Launcher:	C:\Java\jdk-13.0.2\bin\javaw.exe
Launcher args:	-classpath "D:\Safe\Dropbox\DAM 2 - Repositorios\Interfaces\interfaces-actividad-4\Kittens.exe;." launcher.Launcher
Args length:	115/32768 chars
Exit code:	0


Version:	3.12
CmdLine:	D:\Safe\Dropbox\DAM 2 - Repositorios\Interfaces\interfaces-actividad-4\Kittens.exe --l4j-debug
WOW64:		yes
Working dir:	D:\Safe\Dropbox\DAM 2 - Repositorios\Interfaces\interfaces-actividad-4\.
Java min ver:	1.008.000
Java max ver:	
64-bit search:	SOFTWARE\JavaSoft\Java Runtime Environment...
Check:		SOFTWARE\JavaSoft\Java Runtime Environment\1.8
Check launcher:	C:\Program Files\Java\jre1.8.0_271\bin\javaw.exe (OK)
Match:		1.008.000
Check:		SOFTWARE\JavaSoft\Java Runtime Environment\1.8.0_271
Check launcher:	C:\Program Files\Java\jre1.8.0_271\bin\javaw.exe (OK)
Match:		1.008.000_271
64-bit search:	SOFTWARE\JavaSoft\Java Development Kit...
Check:		SOFTWARE\JavaSoft\Java Development Kit\1.8
Ignore:		1.008.000
Check:		SOFTWARE\JavaSoft\Java Development Kit\1.8.0_261
Ignore:		1.008.000_261
64-bit search:	SOFTWARE\JavaSoft\JRE...
64-bit search:	SOFTWARE\JavaSoft\JDK...
Check:		SOFTWARE\JavaSoft\JDK\13.0.2
Check launcher:	C:\Java\jdk-13.0.2\bin\javaw.exe (OK)
Match:		1.013.000_002
Runtime used:	1.013.000_002 (64-bit)
Main class:	launcher.Launcher
Add classpath:	.
Add classpath:	..\config\config.properties
Launcher:	C:\Java\jdk-13.0.2\bin\javaw.exe
Launcher args:	-classpath "D:\Safe\Dropbox\DAM 2 - Repositorios\Interfaces\interfaces-actividad-4\Kittens.exe;.;..\config\config.properties" launcher.Launcher
Args length:	143/32768 chars
Exit code:	0


Version:	3.12
CmdLine:	D:\Safe\Dropbox\DAM 2 - Repositorios\Interfaces\interfaces-actividad-4\Kittens.exe --l4j-debug
WOW64:		yes
Working dir:	D:\Safe\Dropbox\DAM 2 - Repositorios\Interfaces\interfaces-actividad-4\.
Java min ver:	1.008.000
Java max ver:	
64-bit search:	SOFTWARE\JavaSoft\Java Runtime Environment...
Check:		SOFTWARE\JavaSoft\Java Runtime Environment\1.8
Check launcher:	C:\Program Files\Java\jre1.8.0_271\bin\javaw.exe (OK)
Match:		1.008.000
Check:		SOFTWARE\JavaSoft\Java Runtime Environment\1.8.0_271
Check launcher:	C:\Program Files\Java\jre1.8.0_271\bin\javaw.exe (OK)
Match:		1.008.000_271
64-bit search:	SOFTWARE\JavaSoft\Java Development Kit...
Check:		SOFTWARE\JavaSoft\Java Development Kit\1.8
Ignore:		1.008.000
Check:		SOFTWARE\JavaSoft\Java Development Kit\1.8.0_261
Ignore:		1.008.000_261
64-bit search:	SOFTWARE\JavaSoft\JRE...
64-bit search:	SOFTWARE\JavaSoft\JDK...
Check:		SOFTWARE\JavaSoft\JDK\13.0.2
Check launcher:	C:\Java\jdk-13.0.2\bin\javaw.exe (OK)
Match:		1.013.000_002
Runtime used:	1.013.000_002 (64-bit)
Launcher:	C:\Java\jdk-13.0.2\bin\javaw.exe
Launcher args:	-jar "D:\Safe\Dropbox\DAM 2 - Repositorios\Interfaces\interfaces-actividad-4\Kittens.exe"
Args length:	89/32768 chars
Exit code:	0
